<?xml version="1.0" encoding="UTF-8"?>
<TestRun id="d15db810-5001-44ef-a408-dc36b27c98dd" name="jinchanglong@IC-JINCL-PC 2012-03-31 15:26:39" runUser="YGSOFT\jinchanglong" xmlns="http://microsoft.com/schemas/VisualStudio/TeamTest/2010">
  <TestSettings name="本地" id="94953c09-8701-4707-8647-9dc35c1618b9">
    <Description>这些设置为本地测试运行的默认测试设置。</Description>
    <Deployment enabled="false" runDeploymentRoot="jinchanglong_IC-JINCL-PC 2012-03-31 15_26_39">
      <DeploymentItem filename="E:\Opsins\Src\Opsins\Opsins.Library\bin\Debug\Opsins.Library.dll" />
    </Deployment>
    <Execution>
      <TestTypeSpecific />
      <AgentRule name="Execution Agents">
      </AgentRule>
    </Execution>
  </TestSettings>
  <Times creation="2012-03-31T15:26:39.1280689+08:00" queuing="2012-03-31T15:26:39.2050843+08:00" start="2012-03-31T15:26:39.2220877+08:00" finish="2012-03-31T15:26:39.4791391+08:00" />
  <ResultSummary outcome="Completed">
    <Counters total="1" executed="1" passed="1" error="0" failed="0" timeout="0" aborted="0" inconclusive="0" passedButRunAborted="0" notRunnable="0" notExecuted="0" disconnected="0" warning="0" completed="0" inProgress="0" pending="0" />
  </ResultSummary>
  <TestDefinitions>
    <UnitTest name="IsWhiteSpaceTest" storage="e:\opsins\src\opsins\opsins.library.tests\bin\debug\opsins.library.tests.dll" id="8f549c65-52db-6350-d6ac-29e3fc4c43e7">
      <Execution id="47f21b53-3662-47bf-ade0-534c23d367ea" />
      <TestMethod codeBase="E:/Opsins/Src/Opsins/Opsins.Library.Tests/bin/Debug/Opsins.Library.Tests.DLL" adapterTypeName="Microsoft.VisualStudio.TestTools.TestTypes.Unit.UnitTestAdapter, Microsoft.VisualStudio.QualityTools.Tips.UnitTest.Adapter, Version=10.0.0.0, Culture=neutral, PublicKeyToken=b03f5f7f11d50a3a" className="Opsins.Tests.StringExtensionsTest, Opsins.Library.Tests, Version=1.0.0.0, Culture=neutral, PublicKeyToken=null" name="IsWhiteSpaceTest" />
    </UnitTest>
  </TestDefinitions>
  <TestLists>
    <TestList name="列表中未列出的结果" id="8c84fa94-04c1-424b-9868-57a2d4851a1d" />
    <TestList name="所有已加载的结果" id="19431567-8539-422a-85d7-44ee4e166bda" />
  </TestLists>
  <TestEntries>
    <TestEntry testId="8f549c65-52db-6350-d6ac-29e3fc4c43e7" executionId="47f21b53-3662-47bf-ade0-534c23d367ea" testListId="8c84fa94-04c1-424b-9868-57a2d4851a1d" />
  </TestEntries>
  <Results>
    <UnitTestResult executionId="47f21b53-3662-47bf-ade0-534c23d367ea" testId="8f549c65-52db-6350-d6ac-29e3fc4c43e7" testName="IsWhiteSpaceTest" computerName="IC-JINCL-PC" duration="00:00:00.0169894" startTime="2012-03-31T15:26:39.2300893+08:00" endTime="2012-03-31T15:26:39.4621357+08:00" testType="13cdc9d9-ddb5-4fa4-a97d-d965ccfc6d4b" outcome="Passed" testListId="8c84fa94-04c1-424b-9868-57a2d4851a1d" relativeResultsDirectory="47f21b53-3662-47bf-ade0-534c23d367ea">
    </UnitTestResult>
  </Results>
</TestRun>