<?xml version="1.0" encoding="UTF-8"?>
<TestRun id="795229c6-57b3-40a5-96f9-5500ead060f2" name="jinchanglong@IC-JINCL-PC 2012-03-31 15:55:47" runUser="YGSOFT\jinchanglong" xmlns="http://microsoft.com/schemas/VisualStudio/TeamTest/2010">
  <TestSettings name="本地" id="94953c09-8701-4707-8647-9dc35c1618b9">
    <Description>这些设置为本地测试运行的默认测试设置。</Description>
    <Deployment enabled="false" runDeploymentRoot="jinchanglong_IC-JINCL-PC 2012-03-31 15_55_47">
      <DeploymentItem filename="E:\Opsins\Src\Opsins\Opsins.Library\bin\Debug\Opsins.Library.dll" />
    </Deployment>
    <Execution>
      <TestTypeSpecific />
      <AgentRule name="Execution Agents">
      </AgentRule>
    </Execution>
  </TestSettings>
  <Times creation="2012-03-31T15:55:47.1230947+08:00" queuing="2012-03-31T15:55:47.3911215+08:00" start="2012-03-31T15:55:47.4051229+08:00" finish="2012-03-31T15:55:47.6731497+08:00" />
  <ResultSummary outcome="Failed">
    <Counters total="1" executed="1" error="0" failed="1" timeout="0" aborted="0" inconclusive="0" passedButRunAborted="0" notRunnable="0" notExecuted="0" disconnected="0" warning="0" passed="0" completed="0" inProgress="0" pending="0" />
  </ResultSummary>
  <TestDefinitions>
    <UnitTest name="FormatWithTest" storage="e:\opsins\src\opsins\opsins.library.tests\bin\debug\opsins.library.tests.dll" id="7ddcff10-8bfa-90ed-0ce0-677c75e3ec46">
      <Execution id="6700c593-fa1a-476e-8b3b-fd1c25c66c05" />
      <TestMethod codeBase="E:/Opsins/Src/Opsins/Opsins.Library.Tests/bin/Debug/Opsins.Library.Tests.DLL" adapterTypeName="Microsoft.VisualStudio.TestTools.TestTypes.Unit.UnitTestAdapter, Microsoft.VisualStudio.QualityTools.Tips.UnitTest.Adapter, Version=10.0.0.0, Culture=neutral, PublicKeyToken=b03f5f7f11d50a3a" className="Opsins.Tests.StringExtensionsTest, Opsins.Library.Tests, Version=1.0.0.0, Culture=neutral, PublicKeyToken=null" name="FormatWithTest" />
    </UnitTest>
  </TestDefinitions>
  <TestLists>
    <TestList name="列表中未列出的结果" id="8c84fa94-04c1-424b-9868-57a2d4851a1d" />
    <TestList name="所有已加载的结果" id="19431567-8539-422a-85d7-44ee4e166bda" />
  </TestLists>
  <TestEntries>
    <TestEntry testId="7ddcff10-8bfa-90ed-0ce0-677c75e3ec46" executionId="6700c593-fa1a-476e-8b3b-fd1c25c66c05" testListId="8c84fa94-04c1-424b-9868-57a2d4851a1d" />
  </TestEntries>
  <Results>
    <UnitTestResult executionId="6700c593-fa1a-476e-8b3b-fd1c25c66c05" testId="7ddcff10-8bfa-90ed-0ce0-677c75e3ec46" testName="FormatWithTest" computerName="IC-JINCL-PC" duration="00:00:00.0378321" startTime="2012-03-31T15:55:47.4141238+08:00" endTime="2012-03-31T15:55:47.6551479+08:00" testType="13cdc9d9-ddb5-4fa4-a97d-d965ccfc6d4b" outcome="Failed" testListId="8c84fa94-04c1-424b-9868-57a2d4851a1d" relativeResultsDirectory="6700c593-fa1a-476e-8b3b-fd1c25c66c05">
      <Output>
        <ErrorInfo>
          <Message>Assert.AreEqual 失败。应为: &lt;ben,yea2&gt;，实际为: &lt;ben,yea&gt;。</Message>
          <StackTrace>   在 Opsins.Tests.StringExtensionsTest.FormatWithTest() 位置 E:\Opsins\Src\Opsins\Opsins.Library.Tests\Extensions\System\StringExtensionsTest.cs:行号 84
</StackTrace>
        </ErrorInfo>
      </Output>
    </UnitTestResult>
  </Results>
</TestRun>