<?xml version="1.0" encoding="UTF-8"?>
<TestRun id="c00150b7-d5bc-477c-90ed-ddf4c76da531" name="jinchanglong@IC-JINCL-PC 2012-03-31 15:25:13" runUser="YGSOFT\jinchanglong" xmlns="http://microsoft.com/schemas/VisualStudio/TeamTest/2010">
  <TestSettings name="本地" id="94953c09-8701-4707-8647-9dc35c1618b9">
    <Description>这些设置为本地测试运行的默认测试设置。</Description>
    <Deployment enabled="false" runDeploymentRoot="jinchanglong_IC-JINCL-PC 2012-03-31 15_25_13">
      <DeploymentItem filename="E:\Opsins\Src\Opsins\Opsins.Library\bin\Debug\Opsins.Library.dll" />
    </Deployment>
    <Execution>
      <TestTypeSpecific />
      <AgentRule name="Execution Agents">
      </AgentRule>
    </Execution>
  </TestSettings>
  <Times creation="2012-03-31T15:25:13.5779623+08:00" queuing="2012-03-31T15:25:13.7659999+08:00" start="2012-03-31T15:25:13.7730013+08:00" finish="2012-03-31T15:25:14.0480563+08:00" />
  <ResultSummary outcome="Failed">
    <Counters total="1" executed="1" error="0" failed="1" timeout="0" aborted="0" inconclusive="0" passedButRunAborted="0" notRunnable="0" notExecuted="0" disconnected="0" warning="0" passed="0" completed="0" inProgress="0" pending="0" />
  </ResultSummary>
  <TestDefinitions>
    <UnitTest name="IsNotEmptyTest" storage="e:\opsins\src\opsins\opsins.library.tests\bin\debug\opsins.library.tests.dll" id="744b9d1f-c5ad-bcc6-25b9-ed9440921294">
      <Execution id="f3f0a7b3-f983-4714-bee6-90974da09307" />
      <TestMethod codeBase="E:/Opsins/Src/Opsins/Opsins.Library.Tests/bin/Debug/Opsins.Library.Tests.DLL" adapterTypeName="Microsoft.VisualStudio.TestTools.TestTypes.Unit.UnitTestAdapter, Microsoft.VisualStudio.QualityTools.Tips.UnitTest.Adapter, Version=10.0.0.0, Culture=neutral, PublicKeyToken=b03f5f7f11d50a3a" className="Opsins.Tests.StringExtensionsTest, Opsins.Library.Tests, Version=1.0.0.0, Culture=neutral, PublicKeyToken=null" name="IsNotEmptyTest" />
    </UnitTest>
  </TestDefinitions>
  <TestLists>
    <TestList name="列表中未列出的结果" id="8c84fa94-04c1-424b-9868-57a2d4851a1d" />
    <TestList name="所有已加载的结果" id="19431567-8539-422a-85d7-44ee4e166bda" />
  </TestLists>
  <TestEntries>
    <TestEntry testId="744b9d1f-c5ad-bcc6-25b9-ed9440921294" executionId="f3f0a7b3-f983-4714-bee6-90974da09307" testListId="8c84fa94-04c1-424b-9868-57a2d4851a1d" />
  </TestEntries>
  <Results>
    <UnitTestResult executionId="f3f0a7b3-f983-4714-bee6-90974da09307" testId="744b9d1f-c5ad-bcc6-25b9-ed9440921294" testName="IsNotEmptyTest" computerName="IC-JINCL-PC" duration="00:00:00.0356679" startTime="2012-03-31T15:25:13.7790025+08:00" endTime="2012-03-31T15:25:14.0280523+08:00" testType="13cdc9d9-ddb5-4fa4-a97d-d965ccfc6d4b" outcome="Failed" testListId="8c84fa94-04c1-424b-9868-57a2d4851a1d" relativeResultsDirectory="f3f0a7b3-f983-4714-bee6-90974da09307">
      <Output>
        <ErrorInfo>
          <Message>Assert.AreEqual 失败。应为: &lt;True&gt;，实际为: &lt;False&gt;。</Message>
          <StackTrace>   在 Opsins.Tests.StringExtensionsTest.IsNotEmptyTest() 位置 E:\Opsins\Src\Opsins\Opsins.Library.Tests\Extensions\System\StringExtensionsTest.cs:行号 32
</StackTrace>
        </ErrorInfo>
      </Output>
    </UnitTestResult>
  </Results>
</TestRun>