<?xml version="1.0" encoding="UTF-8"?>
<TestRun id="25399424-5b4d-441a-b58f-5a970712d5c5" name="jinchanglong@IC-JINCL-PC 2012-03-31 15:48:33" runUser="YGSOFT\jinchanglong" xmlns="http://microsoft.com/schemas/VisualStudio/TeamTest/2010">
  <TestSettings name="本地" id="94953c09-8701-4707-8647-9dc35c1618b9">
    <Description>这些设置为本地测试运行的默认测试设置。</Description>
    <Deployment enabled="false" runDeploymentRoot="jinchanglong_IC-JINCL-PC 2012-03-31 15_48_33">
      <DeploymentItem filename="E:\Opsins\Src\Opsins\Opsins.Library\bin\Debug\Opsins.Library.dll" />
    </Deployment>
    <Execution>
      <TestTypeSpecific />
      <AgentRule name="Execution Agents">
      </AgentRule>
    </Execution>
  </TestSettings>
  <Times creation="2012-03-31T15:48:33.0646932+08:00" queuing="2012-03-31T15:48:33.1987066+08:00" start="2012-03-31T15:48:33.2067074+08:00" finish="2012-03-31T15:48:33.5317399+08:00" />
  <ResultSummary outcome="Completed">
    <Counters total="9" executed="9" passed="9" error="0" failed="0" timeout="0" aborted="0" inconclusive="0" passedButRunAborted="0" notRunnable="0" notExecuted="0" disconnected="0" warning="0" completed="0" inProgress="0" pending="0" />
  </ResultSummary>
  <TestDefinitions>
    <UnitTest name="TestMethod1" storage="e:\opsins\src\opsins\opsins.library.tests\bin\debug\opsins.library.tests.dll" id="a1279ef0-3705-7059-b92c-e33be4fdb376">
      <Execution id="1d57680d-59e9-4952-b1e2-477eaee5f8fe" />
      <TestMethod codeBase="E:/Opsins/Src/Opsins/Opsins.Library.Tests/bin/Debug/Opsins.Library.Tests.DLL" adapterTypeName="Microsoft.VisualStudio.TestTools.TestTypes.Unit.UnitTestAdapter, Microsoft.VisualStudio.QualityTools.Tips.UnitTest.Adapter, Version=10.0.0.0, Culture=neutral, PublicKeyToken=b03f5f7f11d50a3a" className="Opsins.Library.Tests.UnitTest1, Opsins.Library.Tests, Version=1.0.0.0, Culture=neutral, PublicKeyToken=null" name="TestMethod1" />
    </UnitTest>
    <UnitTest name="InStringTest" storage="e:\opsins\src\opsins\opsins.library.tests\bin\debug\opsins.library.tests.dll" id="16fe6d19-c90e-0c23-1cc7-b671ce3deb65">
      <Execution id="f4804ef5-55a3-4bac-9e5a-6d6f39b4fee4" />
      <TestMethod codeBase="E:/Opsins/Src/Opsins/Opsins.Library.Tests/bin/Debug/Opsins.Library.Tests.DLL" adapterTypeName="Microsoft.VisualStudio.TestTools.TestTypes.Unit.UnitTestAdapter, Microsoft.VisualStudio.QualityTools.Tips.UnitTest.Adapter, Version=10.0.0.0, Culture=neutral, PublicKeyToken=b03f5f7f11d50a3a" className="Opsins.Tests.InExtensionsTest, Opsins.Library.Tests, Version=1.0.0.0, Culture=neutral, PublicKeyToken=null" name="InStringTest" />
    </UnitTest>
    <UnitTest name="IsEmptyTest" storage="e:\opsins\src\opsins\opsins.library.tests\bin\debug\opsins.library.tests.dll" id="7c689c7a-6c72-177e-a892-0b7dd1e53be4">
      <Execution id="94c3c2bf-dba0-437c-a5e5-d156c8ed5657" />
      <TestMethod codeBase="E:/Opsins/Src/Opsins/Opsins.Library.Tests/bin/Debug/Opsins.Library.Tests.DLL" adapterTypeName="Microsoft.VisualStudio.TestTools.TestTypes.Unit.UnitTestAdapter, Microsoft.VisualStudio.QualityTools.Tips.UnitTest.Adapter, Version=10.0.0.0, Culture=neutral, PublicKeyToken=b03f5f7f11d50a3a" className="Opsins.Tests.StringExtensionsTest, Opsins.Library.Tests, Version=1.0.0.0, Culture=neutral, PublicKeyToken=null" name="IsEmptyTest" />
    </UnitTest>
    <UnitTest name="IsNotEmptyTest" storage="e:\opsins\src\opsins\opsins.library.tests\bin\debug\opsins.library.tests.dll" id="744b9d1f-c5ad-bcc6-25b9-ed9440921294">
      <Execution id="b7e4f488-d2a2-413b-8631-93c20fe393fc" />
      <TestMethod codeBase="E:/Opsins/Src/Opsins/Opsins.Library.Tests/bin/Debug/Opsins.Library.Tests.DLL" adapterTypeName="Microsoft.VisualStudio.TestTools.TestTypes.Unit.UnitTestAdapter, Microsoft.VisualStudio.QualityTools.Tips.UnitTest.Adapter, Version=10.0.0.0, Culture=neutral, PublicKeyToken=b03f5f7f11d50a3a" className="Opsins.Tests.StringExtensionsTest, Opsins.Library.Tests, Version=1.0.0.0, Culture=neutral, PublicKeyToken=null" name="IsNotEmptyTest" />
    </UnitTest>
    <UnitTest name="IsNullTest" storage="e:\opsins\src\opsins\opsins.library.tests\bin\debug\opsins.library.tests.dll" id="aa4e672c-5404-54fc-a1af-8cb83c13c098">
      <Execution id="2bcaff4a-c21f-4297-bec3-122ee846f3bd" />
      <TestMethod codeBase="E:/Opsins/Src/Opsins/Opsins.Library.Tests/bin/Debug/Opsins.Library.Tests.DLL" adapterTypeName="Microsoft.VisualStudio.TestTools.TestTypes.Unit.UnitTestAdapter, Microsoft.VisualStudio.QualityTools.Tips.UnitTest.Adapter, Version=10.0.0.0, Culture=neutral, PublicKeyToken=b03f5f7f11d50a3a" className="Opsins.Tests.ObjectExtensionsTest, Opsins.Library.Tests, Version=1.0.0.0, Culture=neutral, PublicKeyToken=null" name="IsNullTest" />
    </UnitTest>
    <UnitTest name="IsWhiteSpaceTest" storage="e:\opsins\src\opsins\opsins.library.tests\bin\debug\opsins.library.tests.dll" id="8f549c65-52db-6350-d6ac-29e3fc4c43e7">
      <Execution id="028bedf3-1bee-49d4-bb23-d7c2b8b1dae1" />
      <TestMethod codeBase="E:/Opsins/Src/Opsins/Opsins.Library.Tests/bin/Debug/Opsins.Library.Tests.DLL" adapterTypeName="Microsoft.VisualStudio.TestTools.TestTypes.Unit.UnitTestAdapter, Microsoft.VisualStudio.QualityTools.Tips.UnitTest.Adapter, Version=10.0.0.0, Culture=neutral, PublicKeyToken=b03f5f7f11d50a3a" className="Opsins.Tests.StringExtensionsTest, Opsins.Library.Tests, Version=1.0.0.0, Culture=neutral, PublicKeyToken=null" name="IsWhiteSpaceTest" />
    </UnitTest>
    <UnitTest name="IsNotNullTest" storage="e:\opsins\src\opsins\opsins.library.tests\bin\debug\opsins.library.tests.dll" id="c288a13f-0451-3445-6540-e8ef39e23749">
      <Execution id="393519be-a9fa-4b61-9422-2342141b32be" />
      <TestMethod codeBase="E:/Opsins/Src/Opsins/Opsins.Library.Tests/bin/Debug/Opsins.Library.Tests.DLL" adapterTypeName="Microsoft.VisualStudio.TestTools.TestTypes.Unit.UnitTestAdapter, Microsoft.VisualStudio.QualityTools.Tips.UnitTest.Adapter, Version=10.0.0.0, Culture=neutral, PublicKeyToken=b03f5f7f11d50a3a" className="Opsins.Tests.ObjectExtensionsTest, Opsins.Library.Tests, Version=1.0.0.0, Culture=neutral, PublicKeyToken=null" name="IsNotNullTest" />
    </UnitTest>
    <UnitTest name="IfNullTest" storage="e:\opsins\src\opsins\opsins.library.tests\bin\debug\opsins.library.tests.dll" id="881a11f1-bd7a-8201-d1f8-bd84ba9f4b6e">
      <Execution id="18b32c2f-f336-4b6f-9c9a-e7a79de56c02" />
      <TestMethod codeBase="E:/Opsins/Src/Opsins/Opsins.Library.Tests/bin/Debug/Opsins.Library.Tests.DLL" adapterTypeName="Microsoft.VisualStudio.TestTools.TestTypes.Unit.UnitTestAdapter, Microsoft.VisualStudio.QualityTools.Tips.UnitTest.Adapter, Version=10.0.0.0, Culture=neutral, PublicKeyToken=b03f5f7f11d50a3a" className="Opsins.Tests.ObjectExtensionsTest, Opsins.Library.Tests, Version=1.0.0.0, Culture=neutral, PublicKeyToken=null" name="IfNullTest" />
    </UnitTest>
    <UnitTest name="NotInIntTest" storage="e:\opsins\src\opsins\opsins.library.tests\bin\debug\opsins.library.tests.dll" id="24f7f4f8-86be-fe4e-e97a-5247b87b2ad9">
      <Execution id="0490fc43-9e2f-4097-95c5-a047224acfb0" />
      <TestMethod codeBase="E:/Opsins/Src/Opsins/Opsins.Library.Tests/bin/Debug/Opsins.Library.Tests.DLL" adapterTypeName="Microsoft.VisualStudio.TestTools.TestTypes.Unit.UnitTestAdapter, Microsoft.VisualStudio.QualityTools.Tips.UnitTest.Adapter, Version=10.0.0.0, Culture=neutral, PublicKeyToken=b03f5f7f11d50a3a" className="Opsins.Tests.InExtensionsTest, Opsins.Library.Tests, Version=1.0.0.0, Culture=neutral, PublicKeyToken=null" name="NotInIntTest" />
    </UnitTest>
  </TestDefinitions>
  <TestLists>
    <TestList name="列表中未列出的结果" id="8c84fa94-04c1-424b-9868-57a2d4851a1d" />
    <TestList name="所有已加载的结果" id="19431567-8539-422a-85d7-44ee4e166bda" />
  </TestLists>
  <TestEntries>
    <TestEntry testId="16fe6d19-c90e-0c23-1cc7-b671ce3deb65" executionId="f4804ef5-55a3-4bac-9e5a-6d6f39b4fee4" testListId="8c84fa94-04c1-424b-9868-57a2d4851a1d" />
    <TestEntry testId="24f7f4f8-86be-fe4e-e97a-5247b87b2ad9" executionId="0490fc43-9e2f-4097-95c5-a047224acfb0" testListId="8c84fa94-04c1-424b-9868-57a2d4851a1d" />
    <TestEntry testId="744b9d1f-c5ad-bcc6-25b9-ed9440921294" executionId="b7e4f488-d2a2-413b-8631-93c20fe393fc" testListId="8c84fa94-04c1-424b-9868-57a2d4851a1d" />
    <TestEntry testId="7c689c7a-6c72-177e-a892-0b7dd1e53be4" executionId="94c3c2bf-dba0-437c-a5e5-d156c8ed5657" testListId="8c84fa94-04c1-424b-9868-57a2d4851a1d" />
    <TestEntry testId="881a11f1-bd7a-8201-d1f8-bd84ba9f4b6e" executionId="18b32c2f-f336-4b6f-9c9a-e7a79de56c02" testListId="8c84fa94-04c1-424b-9868-57a2d4851a1d" />
    <TestEntry testId="8f549c65-52db-6350-d6ac-29e3fc4c43e7" executionId="028bedf3-1bee-49d4-bb23-d7c2b8b1dae1" testListId="8c84fa94-04c1-424b-9868-57a2d4851a1d" />
    <TestEntry testId="a1279ef0-3705-7059-b92c-e33be4fdb376" executionId="1d57680d-59e9-4952-b1e2-477eaee5f8fe" testListId="8c84fa94-04c1-424b-9868-57a2d4851a1d" />
    <TestEntry testId="aa4e672c-5404-54fc-a1af-8cb83c13c098" executionId="2bcaff4a-c21f-4297-bec3-122ee846f3bd" testListId="8c84fa94-04c1-424b-9868-57a2d4851a1d" />
    <TestEntry testId="c288a13f-0451-3445-6540-e8ef39e23749" executionId="393519be-a9fa-4b61-9422-2342141b32be" testListId="8c84fa94-04c1-424b-9868-57a2d4851a1d" />
  </TestEntries>
  <Results>
    <UnitTestResult executionId="f4804ef5-55a3-4bac-9e5a-6d6f39b4fee4" testId="16fe6d19-c90e-0c23-1cc7-b671ce3deb65" testName="InStringTest" computerName="IC-JINCL-PC" duration="00:00:00.0170741" startTime="2012-03-31T15:48:33.2137081+08:00" endTime="2012-03-31T15:48:33.4467314+08:00" testType="13cdc9d9-ddb5-4fa4-a97d-d965ccfc6d4b" outcome="Passed" testListId="8c84fa94-04c1-424b-9868-57a2d4851a1d" relativeResultsDirectory="f4804ef5-55a3-4bac-9e5a-6d6f39b4fee4">
    </UnitTestResult>
    <UnitTestResult executionId="0490fc43-9e2f-4097-95c5-a047224acfb0" testId="24f7f4f8-86be-fe4e-e97a-5247b87b2ad9" testName="NotInIntTest" computerName="IC-JINCL-PC" duration="00:00:00.0008577" startTime="2012-03-31T15:48:33.4527320+08:00" endTime="2012-03-31T15:48:33.4567324+08:00" testType="13cdc9d9-ddb5-4fa4-a97d-d965ccfc6d4b" outcome="Passed" testListId="8c84fa94-04c1-424b-9868-57a2d4851a1d" relativeResultsDirectory="0490fc43-9e2f-4097-95c5-a047224acfb0">
    </UnitTestResult>
    <UnitTestResult executionId="b7e4f488-d2a2-413b-8631-93c20fe393fc" testId="744b9d1f-c5ad-bcc6-25b9-ed9440921294" testName="IsNotEmptyTest" computerName="IC-JINCL-PC" duration="00:00:00.0003277" startTime="2012-03-31T15:48:33.4617329+08:00" endTime="2012-03-31T15:48:33.4637331+08:00" testType="13cdc9d9-ddb5-4fa4-a97d-d965ccfc6d4b" outcome="Passed" testListId="8c84fa94-04c1-424b-9868-57a2d4851a1d" relativeResultsDirectory="b7e4f488-d2a2-413b-8631-93c20fe393fc">
    </UnitTestResult>
    <UnitTestResult executionId="94c3c2bf-dba0-437c-a5e5-d156c8ed5657" testId="7c689c7a-6c72-177e-a892-0b7dd1e53be4" testName="IsEmptyTest" computerName="IC-JINCL-PC" duration="00:00:00.0002228" startTime="2012-03-31T15:48:33.4707338+08:00" endTime="2012-03-31T15:48:33.4737341+08:00" testType="13cdc9d9-ddb5-4fa4-a97d-d965ccfc6d4b" outcome="Passed" testListId="8c84fa94-04c1-424b-9868-57a2d4851a1d" relativeResultsDirectory="94c3c2bf-dba0-437c-a5e5-d156c8ed5657">
    </UnitTestResult>
    <UnitTestResult executionId="18b32c2f-f336-4b6f-9c9a-e7a79de56c02" testId="881a11f1-bd7a-8201-d1f8-bd84ba9f4b6e" testName="IfNullTest" computerName="IC-JINCL-PC" duration="00:00:00.0007720" startTime="2012-03-31T15:48:33.4777345+08:00" endTime="2012-03-31T15:48:33.4807348+08:00" testType="13cdc9d9-ddb5-4fa4-a97d-d965ccfc6d4b" outcome="Passed" testListId="8c84fa94-04c1-424b-9868-57a2d4851a1d" relativeResultsDirectory="18b32c2f-f336-4b6f-9c9a-e7a79de56c02">
    </UnitTestResult>
    <UnitTestResult executionId="028bedf3-1bee-49d4-bb23-d7c2b8b1dae1" testId="8f549c65-52db-6350-d6ac-29e3fc4c43e7" testName="IsWhiteSpaceTest" computerName="IC-JINCL-PC" duration="00:00:00.0002360" startTime="2012-03-31T15:48:33.4867354+08:00" endTime="2012-03-31T15:48:33.4887356+08:00" testType="13cdc9d9-ddb5-4fa4-a97d-d965ccfc6d4b" outcome="Passed" testListId="8c84fa94-04c1-424b-9868-57a2d4851a1d" relativeResultsDirectory="028bedf3-1bee-49d4-bb23-d7c2b8b1dae1">
    </UnitTestResult>
    <UnitTestResult executionId="1d57680d-59e9-4952-b1e2-477eaee5f8fe" testId="a1279ef0-3705-7059-b92c-e33be4fdb376" testName="TestMethod1" computerName="IC-JINCL-PC" duration="00:00:00.0002122" startTime="2012-03-31T15:48:33.4937361+08:00" endTime="2012-03-31T15:48:33.4957363+08:00" testType="13cdc9d9-ddb5-4fa4-a97d-d965ccfc6d4b" outcome="Passed" testListId="8c84fa94-04c1-424b-9868-57a2d4851a1d" relativeResultsDirectory="1d57680d-59e9-4952-b1e2-477eaee5f8fe">
    </UnitTestResult>
    <UnitTestResult executionId="2bcaff4a-c21f-4297-bec3-122ee846f3bd" testId="aa4e672c-5404-54fc-a1af-8cb83c13c098" testName="IsNullTest" computerName="IC-JINCL-PC" duration="00:00:00.0002966" startTime="2012-03-31T15:48:33.5017369+08:00" endTime="2012-03-31T15:48:33.5057373+08:00" testType="13cdc9d9-ddb5-4fa4-a97d-d965ccfc6d4b" outcome="Passed" testListId="8c84fa94-04c1-424b-9868-57a2d4851a1d" relativeResultsDirectory="2bcaff4a-c21f-4297-bec3-122ee846f3bd">
    </UnitTestResult>
    <UnitTestResult executionId="393519be-a9fa-4b61-9422-2342141b32be" testId="c288a13f-0451-3445-6540-e8ef39e23749" testName="IsNotNullTest" computerName="IC-JINCL-PC" duration="00:00:00.0002204" startTime="2012-03-31T15:48:33.5097377+08:00" endTime="2012-03-31T15:48:33.5117379+08:00" testType="13cdc9d9-ddb5-4fa4-a97d-d965ccfc6d4b" outcome="Passed" testListId="8c84fa94-04c1-424b-9868-57a2d4851a1d" relativeResultsDirectory="393519be-a9fa-4b61-9422-2342141b32be">
    </UnitTestResult>
  </Results>
</TestRun>