<?xml version="1.0" encoding="UTF-8"?>
<TestRun id="fee3716e-48f0-4c0e-a230-0bf13334c6c5" name="jinchanglong@IC-JINCL-PC 2012-03-31 15:10:56" runUser="YGSOFT\jinchanglong" xmlns="http://microsoft.com/schemas/VisualStudio/TeamTest/2010">
  <TestSettings name="本地" id="94953c09-8701-4707-8647-9dc35c1618b9">
    <Description>这些设置为本地测试运行的默认测试设置。</Description>
    <Deployment enabled="false" runDeploymentRoot="jinchanglong_IC-JINCL-PC 2012-03-31 15_10_56">
      <DeploymentItem filename="E:\Opsins\Src\Opsins\Opsins.Library\bin\Debug\Opsins.Library.dll" />
    </Deployment>
    <Execution>
      <TestTypeSpecific />
      <AgentRule name="Execution Agents">
      </AgentRule>
    </Execution>
  </TestSettings>
  <Times creation="2012-03-31T15:10:56.3560496+08:00" queuing="2012-03-31T15:10:56.4250565+08:00" start="2012-03-31T15:10:56.4300570+08:00" finish="2012-03-31T15:10:56.7470887+08:00" />
  <ResultSummary outcome="Failed">
    <Counters total="4" executed="4" passed="3" error="0" failed="1" timeout="0" aborted="0" inconclusive="0" passedButRunAborted="0" notRunnable="0" notExecuted="0" disconnected="0" warning="0" completed="0" inProgress="0" pending="0" />
  </ResultSummary>
  <TestDefinitions>
    <UnitTest name="IsNullTest" storage="e:\opsins\src\opsins\opsins.library.tests\bin\debug\opsins.library.tests.dll" id="aa4e672c-5404-54fc-a1af-8cb83c13c098">
      <Execution id="7a50e9de-d1fd-4e67-8bd1-c22c34466a45" />
      <TestMethod codeBase="E:/Opsins/Src/Opsins/Opsins.Library.Tests/bin/Debug/Opsins.Library.Tests.DLL" adapterTypeName="Microsoft.VisualStudio.TestTools.TestTypes.Unit.UnitTestAdapter, Microsoft.VisualStudio.QualityTools.Tips.UnitTest.Adapter, Version=10.0.0.0, Culture=neutral, PublicKeyToken=b03f5f7f11d50a3a" className="Opsins.Tests.ObjectExtensionsTest, Opsins.Library.Tests, Version=1.0.0.0, Culture=neutral, PublicKeyToken=null" name="IsNullTest" />
    </UnitTest>
    <UnitTest name="InStringTest" storage="e:\opsins\src\opsins\opsins.library.tests\bin\debug\opsins.library.tests.dll" id="16fe6d19-c90e-0c23-1cc7-b671ce3deb65">
      <Execution id="9b620b0f-9326-4488-9489-21f8825ced97" />
      <TestMethod codeBase="E:/Opsins/Src/Opsins/Opsins.Library.Tests/bin/Debug/Opsins.Library.Tests.DLL" adapterTypeName="Microsoft.VisualStudio.TestTools.TestTypes.Unit.UnitTestAdapter, Microsoft.VisualStudio.QualityTools.Tips.UnitTest.Adapter, Version=10.0.0.0, Culture=neutral, PublicKeyToken=b03f5f7f11d50a3a" className="Opsins.Tests.InExtensionsTest, Opsins.Library.Tests, Version=1.0.0.0, Culture=neutral, PublicKeyToken=null" name="InStringTest" />
    </UnitTest>
    <UnitTest name="NotInIntTest" storage="e:\opsins\src\opsins\opsins.library.tests\bin\debug\opsins.library.tests.dll" id="24f7f4f8-86be-fe4e-e97a-5247b87b2ad9">
      <Execution id="2fc30d07-310d-413b-bc61-2713aa37b033" />
      <TestMethod codeBase="E:/Opsins/Src/Opsins/Opsins.Library.Tests/bin/Debug/Opsins.Library.Tests.DLL" adapterTypeName="Microsoft.VisualStudio.TestTools.TestTypes.Unit.UnitTestAdapter, Microsoft.VisualStudio.QualityTools.Tips.UnitTest.Adapter, Version=10.0.0.0, Culture=neutral, PublicKeyToken=b03f5f7f11d50a3a" className="Opsins.Tests.InExtensionsTest, Opsins.Library.Tests, Version=1.0.0.0, Culture=neutral, PublicKeyToken=null" name="NotInIntTest" />
    </UnitTest>
    <UnitTest name="IsNotNullTest" storage="e:\opsins\src\opsins\opsins.library.tests\bin\debug\opsins.library.tests.dll" id="c288a13f-0451-3445-6540-e8ef39e23749">
      <Execution id="09847613-bf9f-440e-a91e-102512368b60" />
      <TestMethod codeBase="E:/Opsins/Src/Opsins/Opsins.Library.Tests/bin/Debug/Opsins.Library.Tests.DLL" adapterTypeName="Microsoft.VisualStudio.TestTools.TestTypes.Unit.UnitTestAdapter, Microsoft.VisualStudio.QualityTools.Tips.UnitTest.Adapter, Version=10.0.0.0, Culture=neutral, PublicKeyToken=b03f5f7f11d50a3a" className="Opsins.Tests.ObjectExtensionsTest, Opsins.Library.Tests, Version=1.0.0.0, Culture=neutral, PublicKeyToken=null" name="IsNotNullTest" />
    </UnitTest>
  </TestDefinitions>
  <TestLists>
    <TestList name="列表中未列出的结果" id="8c84fa94-04c1-424b-9868-57a2d4851a1d" />
    <TestList name="所有已加载的结果" id="19431567-8539-422a-85d7-44ee4e166bda" />
  </TestLists>
  <TestEntries>
    <TestEntry testId="16fe6d19-c90e-0c23-1cc7-b671ce3deb65" executionId="9b620b0f-9326-4488-9489-21f8825ced97" testListId="8c84fa94-04c1-424b-9868-57a2d4851a1d" />
    <TestEntry testId="24f7f4f8-86be-fe4e-e97a-5247b87b2ad9" executionId="2fc30d07-310d-413b-bc61-2713aa37b033" testListId="8c84fa94-04c1-424b-9868-57a2d4851a1d" />
    <TestEntry testId="aa4e672c-5404-54fc-a1af-8cb83c13c098" executionId="7a50e9de-d1fd-4e67-8bd1-c22c34466a45" testListId="8c84fa94-04c1-424b-9868-57a2d4851a1d" />
    <TestEntry testId="c288a13f-0451-3445-6540-e8ef39e23749" executionId="09847613-bf9f-440e-a91e-102512368b60" testListId="8c84fa94-04c1-424b-9868-57a2d4851a1d" />
  </TestEntries>
  <Results>
    <UnitTestResult executionId="9b620b0f-9326-4488-9489-21f8825ced97" testId="16fe6d19-c90e-0c23-1cc7-b671ce3deb65" testName="InStringTest" computerName="IC-JINCL-PC" duration="00:00:00.0184255" startTime="2012-03-31T15:10:56.4410581+08:00" endTime="2012-03-31T15:10:56.6740814+08:00" testType="13cdc9d9-ddb5-4fa4-a97d-d965ccfc6d4b" outcome="Passed" testListId="8c84fa94-04c1-424b-9868-57a2d4851a1d" relativeResultsDirectory="9b620b0f-9326-4488-9489-21f8825ced97">
    </UnitTestResult>
    <UnitTestResult executionId="2fc30d07-310d-413b-bc61-2713aa37b033" testId="24f7f4f8-86be-fe4e-e97a-5247b87b2ad9" testName="NotInIntTest" computerName="IC-JINCL-PC" duration="00:00:00.0006151" startTime="2012-03-31T15:10:56.6800820+08:00" endTime="2012-03-31T15:10:56.6830823+08:00" testType="13cdc9d9-ddb5-4fa4-a97d-d965ccfc6d4b" outcome="Passed" testListId="8c84fa94-04c1-424b-9868-57a2d4851a1d" relativeResultsDirectory="2fc30d07-310d-413b-bc61-2713aa37b033">
    </UnitTestResult>
    <UnitTestResult executionId="7a50e9de-d1fd-4e67-8bd1-c22c34466a45" testId="aa4e672c-5404-54fc-a1af-8cb83c13c098" testName="IsNullTest" computerName="IC-JINCL-PC" duration="00:00:00.0003161" startTime="2012-03-31T15:10:56.6890829+08:00" endTime="2012-03-31T15:10:56.6920832+08:00" testType="13cdc9d9-ddb5-4fa4-a97d-d965ccfc6d4b" outcome="Passed" testListId="8c84fa94-04c1-424b-9868-57a2d4851a1d" relativeResultsDirectory="7a50e9de-d1fd-4e67-8bd1-c22c34466a45">
    </UnitTestResult>
    <UnitTestResult executionId="09847613-bf9f-440e-a91e-102512368b60" testId="c288a13f-0451-3445-6540-e8ef39e23749" testName="IsNotNullTest" computerName="IC-JINCL-PC" duration="00:00:00.0243123" startTime="2012-03-31T15:10:56.6980838+08:00" endTime="2012-03-31T15:10:56.7250865+08:00" testType="13cdc9d9-ddb5-4fa4-a97d-d965ccfc6d4b" outcome="Failed" testListId="8c84fa94-04c1-424b-9868-57a2d4851a1d" relativeResultsDirectory="09847613-bf9f-440e-a91e-102512368b60">
      <Output>
        <ErrorInfo>
          <Message>Assert.AreEqual 失败。应为: &lt;False&gt;，实际为: &lt;True&gt;。</Message>
          <StackTrace>   在 Opsins.Tests.ObjectExtensionsTest.IsNotNullTest() 位置 E:\Opsins\Src\Opsins\Opsins.Library.Tests\Extensions\System\ObjectExtensionsTest.cs:行号 35
</StackTrace>
        </ErrorInfo>
      </Output>
    </UnitTestResult>
  </Results>
</TestRun>